<?xml version="1.0" encoding="UTF-8"?>
<testng-results ignored="0" total="12" passed="12" failed="0" skipped="0">
  <reporter-output>
  </reporter-output>
  <suite started-at="2025-03-20T18:42:46 IST" name="API Regression Suite" finished-at="2025-03-20T18:43:09 IST" duration-ms="22682">
    <groups>
    </groups>
    <test started-at="2025-03-20T18:42:46 IST" name="get User Test" finished-at="2025-03-20T18:42:50 IST" duration-ms="3572">
      <class name="com.qa.api.tests.GetUserTest">
        <test-method is-config="true" signature="setUp()[pri:0, instance:com.qa.api.tests.GetUserTest@3f57bcad]" started-at="2025-03-20T18:42:46 IST" name="setUp" finished-at="2025-03-20T18:42:47 IST" duration-ms="499" status="PASS">
          <reporter-output>
          </reporter-output>
        </test-method> <!-- setUp -->
        <test-method signature="getAllUserTest()[pri:0, instance:com.qa.api.tests.GetUserTest@3f57bcad]" started-at="2025-03-20T18:42:47 IST" name="getAllUserTest" finished-at="2025-03-20T18:42:49 IST" duration-ms="1958" status="PASS">
          <reporter-output>
          </reporter-output>
        </test-method> <!-- getAllUserTest -->
        <test-method signature="getSingleUserTest()[pri:0, instance:com.qa.api.tests.GetUserTest@3f57bcad]" started-at="2025-03-20T18:42:49 IST" name="getSingleUserTest" finished-at="2025-03-20T18:42:50 IST" duration-ms="1021" status="PASS">
          <reporter-output>
          </reporter-output>
        </test-method> <!-- getSingleUserTest -->
      </class> <!-- com.qa.api.tests.GetUserTest -->
    </test> <!-- get User Test -->
    <test started-at="2025-03-20T18:42:50 IST" name="CreateUserTest User Test" finished-at="2025-03-20T18:42:54 IST" duration-ms="4362">
      <class name="com.qa.api.tests.CreateUserTest">
        <test-method is-config="true" signature="setUp()[pri:0, instance:com.qa.api.tests.CreateUserTest@63f259c3]" started-at="2025-03-20T18:42:50 IST" name="setUp" finished-at="2025-03-20T18:42:50 IST" duration-ms="2" status="PASS">
          <reporter-output>
          </reporter-output>
        </test-method> <!-- setUp -->
        <test-method signature="CreateUserTest()[pri:0, instance:com.qa.api.tests.CreateUserTest@63f259c3]" started-at="2025-03-20T18:42:50 IST" name="CreateUserTest" finished-at="2025-03-20T18:42:52 IST" duration-ms="2799" status="PASS">
          <reporter-output>
          </reporter-output>
        </test-method> <!-- CreateUserTest -->
        <test-method signature="CreateUserTestUsingBuilderTest()[pri:0, instance:com.qa.api.tests.CreateUserTest@63f259c3]" started-at="2025-03-20T18:42:52 IST" name="CreateUserTestUsingBuilderTest" finished-at="2025-03-20T18:42:54 IST" duration-ms="1557" status="PASS">
          <reporter-output>
          </reporter-output>
        </test-method> <!-- CreateUserTestUsingBuilderTest -->
      </class> <!-- com.qa.api.tests.CreateUserTest -->
    </test> <!-- CreateUserTest User Test -->
    <test started-at="2025-03-20T18:42:54 IST" name="PatchUpdateTest Update User Test" finished-at="2025-03-20T18:42:57 IST" duration-ms="2859">
      <class name="com.qa.api.tests.PatchUpdateTest">
        <test-method signature="CreateUserTestUsingBuilderPatchTest()[pri:0, instance:com.qa.api.tests.PatchUpdateTest@d41f816]" started-at="2025-03-20T18:42:54 IST" name="CreateUserTestUsingBuilderPatchTest" finished-at="2025-03-20T18:42:57 IST" duration-ms="2859" status="PASS">
          <reporter-output>
          </reporter-output>
        </test-method> <!-- CreateUserTestUsingBuilderPatchTest -->
        <test-method is-config="true" signature="setUp()[pri:0, instance:com.qa.api.tests.PatchUpdateTest@d41f816]" started-at="2025-03-20T18:42:54 IST" name="setUp" finished-at="2025-03-20T18:42:54 IST" duration-ms="0" status="PASS">
          <reporter-output>
          </reporter-output>
        </test-method> <!-- setUp -->
      </class> <!-- com.qa.api.tests.PatchUpdateTest -->
    </test> <!-- PatchUpdateTest Update User Test -->
    <test started-at="2025-03-20T18:42:57 IST" name="PutUpdateTest User Test" finished-at="2025-03-20T18:43:00 IST" duration-ms="2689">
      <class name="com.qa.api.tests.PutUpdateTest">
        <test-method signature="CreateUserTestUsingBuilderPutTest()[pri:0, instance:com.qa.api.tests.PutUpdateTest@3d9c13b5]" started-at="2025-03-20T18:42:57 IST" name="CreateUserTestUsingBuilderPutTest" finished-at="2025-03-20T18:43:00 IST" duration-ms="2689" status="PASS">
          <reporter-output>
          </reporter-output>
        </test-method> <!-- CreateUserTestUsingBuilderPutTest -->
        <test-method is-config="true" signature="setUp()[pri:0, instance:com.qa.api.tests.PutUpdateTest@3d9c13b5]" started-at="2025-03-20T18:42:57 IST" name="setUp" finished-at="2025-03-20T18:42:57 IST" duration-ms="0" status="PASS">
          <reporter-output>
          </reporter-output>
        </test-method> <!-- setUp -->
      </class> <!-- com.qa.api.tests.PutUpdateTest -->
    </test> <!-- PutUpdateTest User Test -->
    <test started-at="2025-03-20T18:43:00 IST" name="Delete User Test" finished-at="2025-03-20T18:43:04 IST" duration-ms="4683">
      <class name="com.qa.api.tests.DeleteTest">
        <test-method signature="CreateUserTestUsingBuilderDeleteTest()[pri:0, instance:com.qa.api.tests.DeleteTest@5505ae1a]" started-at="2025-03-20T18:43:00 IST" name="CreateUserTestUsingBuilderDeleteTest" finished-at="2025-03-20T18:43:04 IST" duration-ms="4683" status="PASS">
          <reporter-output>
          </reporter-output>
        </test-method> <!-- CreateUserTestUsingBuilderDeleteTest -->
        <test-method is-config="true" signature="setUp()[pri:0, instance:com.qa.api.tests.DeleteTest@5505ae1a]" started-at="2025-03-20T18:43:00 IST" name="setUp" finished-at="2025-03-20T18:43:00 IST" duration-ms="0" status="PASS">
          <reporter-output>
          </reporter-output>
        </test-method> <!-- setUp -->
      </class> <!-- com.qa.api.tests.DeleteTest -->
    </test> <!-- Delete User Test -->
    <test started-at="2025-03-20T18:43:04 IST" name="ReqresTest User Test" finished-at="2025-03-20T18:43:04 IST" duration-ms="94">
      <class name="com.qa.reqres.api.tests.ReqresTest">
        <test-method signature="getUserReqresTest()[pri:0, instance:com.qa.reqres.api.tests.ReqresTest@60df60da]" started-at="2025-03-20T18:43:04 IST" name="getUserReqresTest" finished-at="2025-03-20T18:43:04 IST" duration-ms="78" status="PASS">
          <reporter-output>
          </reporter-output>
        </test-method> <!-- getUserReqresTest -->
        <test-method is-config="true" signature="setUp()[pri:0, instance:com.qa.reqres.api.tests.ReqresTest@60df60da]" started-at="2025-03-20T18:43:04 IST" name="setUp" finished-at="2025-03-20T18:43:04 IST" duration-ms="0" status="PASS">
          <reporter-output>
          </reporter-output>
        </test-method> <!-- setUp -->
      </class> <!-- com.qa.reqres.api.tests.ReqresTest -->
    </test> <!-- ReqresTest User Test -->
    <test started-at="2025-03-20T18:43:04 IST" name="Contact User Test" finished-at="2025-03-20T18:43:07 IST" duration-ms="2331">
      <class name="com.qa.contacts.api.tests.ContactAPITest">
        <test-method is-config="true" signature="setUp()[pri:0, instance:com.qa.contacts.api.tests.ContactAPITest@10a9d961]" started-at="2025-03-20T18:43:04 IST" name="setUp" finished-at="2025-03-20T18:43:04 IST" duration-ms="0" status="PASS">
          <reporter-output>
          </reporter-output>
        </test-method> <!-- setUp -->
        <test-method is-config="true" signature="getToken()[pri:0, instance:com.qa.contacts.api.tests.ContactAPITest@10a9d961]" started-at="2025-03-20T18:43:04 IST" name="getToken" finished-at="2025-03-20T18:43:06 IST" duration-ms="1241" status="PASS">
          <reporter-output>
          </reporter-output>
        </test-method> <!-- getToken -->
        <test-method signature="getContactTest()[pri:0, instance:com.qa.contacts.api.tests.ContactAPITest@10a9d961]" started-at="2025-03-20T18:43:06 IST" name="getContactTest" finished-at="2025-03-20T18:43:07 IST" duration-ms="1090" status="PASS">
          <reporter-output>
          </reporter-output>
        </test-method> <!-- getContactTest -->
      </class> <!-- com.qa.contacts.api.tests.ContactAPITest -->
    </test> <!-- Contact User Test -->
    <test started-at="2025-03-20T18:43:07 IST" name="Product User Test" finished-at="2025-03-20T18:43:08 IST" duration-ms="1224">
      <class name="com.qa.products.api.test.ProductAPITest">
        <test-method signature="getProductAPILimitTest()[pri:0, instance:com.qa.products.api.test.ProductAPITest@2fd953a6]" started-at="2025-03-20T18:43:07 IST" name="getProductAPILimitTest" finished-at="2025-03-20T18:43:07 IST" duration-ms="596" status="PASS">
          <reporter-output>
          </reporter-output>
        </test-method> <!-- getProductAPILimitTest -->
        <test-method is-config="true" signature="setUp()[pri:0, instance:com.qa.products.api.test.ProductAPITest@2fd953a6]" started-at="2025-03-20T18:43:07 IST" name="setUp" finished-at="2025-03-20T18:43:07 IST" duration-ms="0" status="PASS">
          <reporter-output>
          </reporter-output>
        </test-method> <!-- setUp -->
        <test-method signature="getProductAPITest()[pri:0, instance:com.qa.products.api.test.ProductAPITest@2fd953a6]" started-at="2025-03-20T18:43:07 IST" name="getProductAPITest" finished-at="2025-03-20T18:43:08 IST" duration-ms="628" status="PASS">
          <reporter-output>
          </reporter-output>
        </test-method> <!-- getProductAPITest -->
      </class> <!-- com.qa.products.api.test.ProductAPITest -->
    </test> <!-- Product User Test -->
    <test started-at="2025-03-20T18:43:08 IST" name="ProductAPITestWithJsonPathValidator User Test" finished-at="2025-03-20T18:43:08 IST" duration-ms="0">
      <class name="com.qa.products.api.test.ProductAPITestWithJsonPathValidator">
        <test-method is-config="true" signature="setUp()[pri:0, instance:com.qa.products.api.test.ProductAPITestWithJsonPathValidator@66c61024]" started-at="2025-03-20T18:43:08 IST" name="setUp" finished-at="2025-03-20T18:43:08 IST" duration-ms="0" status="PASS">
          <reporter-output>
          </reporter-output>
        </test-method> <!-- setUp -->
      </class> <!-- com.qa.products.api.test.ProductAPITestWithJsonPathValidator -->
    </test> <!-- ProductAPITestWithJsonPathValidator User Test -->
    <test started-at="2025-03-20T18:43:08 IST" name="GetUserWithDeserilization User Test" finished-at="2025-03-20T18:43:09 IST" duration-ms="801">
      <class name="com.qa.api.tests.GetUserWithDeserilization">
        <test-method signature="getDeserilizeAllUserTest()[pri:0, instance:com.qa.api.tests.GetUserWithDeserilization@35432107]" started-at="2025-03-20T18:43:08 IST" name="getDeserilizeAllUserTest" finished-at="2025-03-20T18:43:09 IST" duration-ms="785" status="PASS">
          <reporter-output>
          </reporter-output>
        </test-method> <!-- getDeserilizeAllUserTest -->
        <test-method is-config="true" signature="setUp()[pri:0, instance:com.qa.api.tests.GetUserWithDeserilization@35432107]" started-at="2025-03-20T18:43:08 IST" name="setUp" finished-at="2025-03-20T18:43:08 IST" duration-ms="0" status="PASS">
          <reporter-output>
          </reporter-output>
        </test-method> <!-- setUp -->
      </class> <!-- com.qa.api.tests.GetUserWithDeserilization -->
    </test> <!-- GetUserWithDeserilization User Test -->
    <test started-at="2025-03-20T18:43:09 IST" name="AmadeusAPITest User Test" finished-at="2025-03-20T18:43:09 IST" duration-ms="16">
      <class name="com.qa.Oauth2.Amadeus.api.tests.AmadeusAPITest">
        <test-method is-config="true" signature="setUp()[pri:0, instance:com.qa.Oauth2.Amadeus.api.tests.AmadeusAPITest@61544ae6]" started-at="2025-03-20T18:43:09 IST" name="setUp" finished-at="2025-03-20T18:43:09 IST" duration-ms="0" status="PASS">
          <reporter-output>
          </reporter-output>
        </test-method> <!-- setUp -->
      </class> <!-- com.qa.Oauth2.Amadeus.api.tests.AmadeusAPITest -->
    </test> <!-- AmadeusAPITest User Test -->
  </suite> <!-- API Regression Suite -->
</testng-results>
