<?xml version="1.0" encoding="UTF-8"?>
<testsuite xmlns:xsi="http://www.w3.org/2001/XMLSchema-instance" xsi:noNamespaceSchemaLocation="https://maven.apache.org/surefire/maven-surefire-plugin/xsd/surefire-test-report.xsd" name="TestSuite" time="23.441" tests="12" errors="0" skipped="0" failures="0">
  <properties>
[...]
</properties>
  <testcase name="getAllUserTest" classname="com.qa.api.tests.GetUserTest" time="2.004"/>
  <testcase name="getSingleUserTest" classname="com.qa.api.tests.GetUserTest" time="1.021"/>
  <testcase name="CreateUserTest" classname="com.qa.api.tests.CreateUserTest" time="2.799"/>
  <testcase name="CreateUserTestUsingBuilderTest" classname="com.qa.api.tests.CreateUserTest" time="1.557"/>
  <testcase name="CreateUserTestUsingBuilderPatchTest" classname="com.qa.api.tests.PatchUpdateTest" time="2.859"/>
  <testcase name="CreateUserTestUsingBuilderPutTest" classname="com.qa.api.tests.PutUpdateTest" time="2.689"/>
  <testcase name="CreateUserTestUsingBuilderDeleteTest" classname="com.qa.api.tests.DeleteTest" time="4.683"/>
  <testcase name="getUserReqresTest" classname="com.qa.reqres.api.tests.ReqresTest" time="0.078"/>
  <testcase name="getContactTest" classname="com.qa.contacts.api.tests.ContactAPITest" time="1.09"/>
  <testcase name="getProductAPILimitTest" classname="com.qa.products.api.test.ProductAPITest" time="0.596"/>
  <testcase name="getProductAPITest" classname="com.qa.products.api.test.ProductAPITest" time="0.628"/>
  <testcase name="getDeserilizeAllUserTest" classname="com.qa.api.tests.GetUserWithDeserilization" time="0.785"/>
</testsuite>