<?xml version="1.0" encoding="UTF-8"?>
<!-- Generated by org.testng.reporters.JUnitXMLReporter -->
<testsuite ignored="1" hostname="DEEPIKAPATIL" failures="0" tests="2" name="CreateUserTest User Test" time="4.362" errors="0" timestamp="2025-03-20T18:42:54 IST">
  <testcase classname="com.qa.api.tests.CreateUserTest" name="CreateUserTest" time="2.799"/>
  <testcase classname="com.qa.api.tests.CreateUserTest" name="CreateUserTestUsingBuilderTest" time="1.557"/>
  <testcase classname="com.qa.api.tests.CreateUserTest" name="CreateUserTestUsingJSONFile" time="0.0">
    <ignored/>
  </testcase> <!-- CreateUserTestUsingJSONFile -->
</testsuite> <!-- CreateUserTest User Test -->
