<?xml version="1.0" encoding="UTF-8"?>
<testng-results ignored="0" total="8" passed="8" failed="0" skipped="0">
  <reporter-output>
  </reporter-output>
  <suite started-at="2025-03-19T14:56:22 IST" name="API Regression Suite" finished-at="2025-03-19T14:56:38 IST" duration-ms="15982">
    <groups>
    </groups>
    <test started-at="2025-03-19T14:56:22 IST" name="get User Test" finished-at="2025-03-19T14:56:24 IST" duration-ms="2842">
      <class name="com.qa.api.tests.GetUserTest">
        <test-method is-config="true" signature="setUp(java.lang.String)[pri:0, instance:com.qa.api.tests.GetUserTest@18271936]" started-at="2025-03-19T14:56:22 IST" name="setUp" finished-at="2025-03-19T14:56:22 IST" duration-ms="380" status="PASS">
          <params>
            <param index="0">
              <value>
                <![CDATA[https://gorest.co.in]]>
              </value>
            </param>
          </params>
          <reporter-output>
          </reporter-output>
        </test-method> <!-- setUp -->
        <test-method signature="getAllUserTest()[pri:0, instance:com.qa.api.tests.GetUserTest@18271936]" started-at="2025-03-19T14:56:22 IST" name="getAllUserTest" finished-at="2025-03-19T14:56:24 IST" duration-ms="1733" status="PASS">
          <reporter-output>
          </reporter-output>
        </test-method> <!-- getAllUserTest -->
        <test-method signature="getSingleUserTest()[pri:0, instance:com.qa.api.tests.GetUserTest@18271936]" started-at="2025-03-19T14:56:24 IST" name="getSingleUserTest" finished-at="2025-03-19T14:56:24 IST" duration-ms="700" status="PASS">
          <reporter-output>
          </reporter-output>
        </test-method> <!-- getSingleUserTest -->
      </class> <!-- com.qa.api.tests.GetUserTest -->
    </test> <!-- get User Test -->
    <test started-at="2025-03-19T14:56:24 IST" name="CreateUserTest User Test" finished-at="2025-03-19T14:56:28 IST" duration-ms="3970">
      <class name="com.qa.api.tests.CreateUserTest">
        <test-method is-config="true" signature="setUp(java.lang.String)[pri:0, instance:com.qa.api.tests.CreateUserTest@536f2a7e]" started-at="2025-03-19T14:56:24 IST" name="setUp" finished-at="2025-03-19T14:56:24 IST" duration-ms="1" status="PASS">
          <params>
            <param index="0">
              <value>
                <![CDATA[https://gorest.co.in]]>
              </value>
            </param>
          </params>
          <reporter-output>
          </reporter-output>
        </test-method> <!-- setUp -->
        <test-method signature="CreateUserTest()[pri:0, instance:com.qa.api.tests.CreateUserTest@536f2a7e]" started-at="2025-03-19T14:56:24 IST" name="CreateUserTest" finished-at="2025-03-19T14:56:27 IST" duration-ms="2505" status="PASS">
          <reporter-output>
          </reporter-output>
        </test-method> <!-- CreateUserTest -->
        <test-method signature="CreateUserTestUsingBuilderTest()[pri:0, instance:com.qa.api.tests.CreateUserTest@536f2a7e]" started-at="2025-03-19T14:56:27 IST" name="CreateUserTestUsingBuilderTest" finished-at="2025-03-19T14:56:28 IST" duration-ms="1461" status="PASS">
          <reporter-output>
          </reporter-output>
        </test-method> <!-- CreateUserTestUsingBuilderTest -->
      </class> <!-- com.qa.api.tests.CreateUserTest -->
    </test> <!-- CreateUserTest User Test -->
    <test started-at="2025-03-19T14:56:28 IST" name="PatchUpdateTest Update User Test" finished-at="2025-03-19T14:56:31 IST" duration-ms="2197">
      <class name="com.qa.api.tests.PatchUpdateTest">
        <test-method is-config="true" signature="setUp(java.lang.String)[pri:0, instance:com.qa.api.tests.PatchUpdateTest@5a59ca5e]" started-at="2025-03-19T14:56:28 IST" name="setUp" finished-at="2025-03-19T14:56:28 IST" duration-ms="1" status="PASS">
          <params>
            <param index="0">
              <value>
                <![CDATA[https://gorest.co.in]]>
              </value>
            </param>
          </params>
          <reporter-output>
          </reporter-output>
        </test-method> <!-- setUp -->
        <test-method signature="CreateUserTestUsingBuilderPatchTest()[pri:0, instance:com.qa.api.tests.PatchUpdateTest@5a59ca5e]" started-at="2025-03-19T14:56:28 IST" name="CreateUserTestUsingBuilderPatchTest" finished-at="2025-03-19T14:56:31 IST" duration-ms="2194" status="PASS">
          <reporter-output>
          </reporter-output>
        </test-method> <!-- CreateUserTestUsingBuilderPatchTest -->
      </class> <!-- com.qa.api.tests.PatchUpdateTest -->
    </test> <!-- PatchUpdateTest Update User Test -->
    <test started-at="2025-03-19T14:56:31 IST" name="PutUpdateTest User Test" finished-at="2025-03-19T14:56:33 IST" duration-ms="2905">
      <class name="com.qa.api.tests.PutUpdateTest">
        <test-method is-config="true" signature="setUp(java.lang.String)[pri:0, instance:com.qa.api.tests.PutUpdateTest@6b695b06]" started-at="2025-03-19T14:56:31 IST" name="setUp" finished-at="2025-03-19T14:56:31 IST" duration-ms="2" status="PASS">
          <params>
            <param index="0">
              <value>
                <![CDATA[https://gorest.co.in]]>
              </value>
            </param>
          </params>
          <reporter-output>
          </reporter-output>
        </test-method> <!-- setUp -->
        <test-method signature="CreateUserTestUsingBuilderPutTest()[pri:0, instance:com.qa.api.tests.PutUpdateTest@6b695b06]" started-at="2025-03-19T14:56:31 IST" name="CreateUserTestUsingBuilderPutTest" finished-at="2025-03-19T14:56:33 IST" duration-ms="2903" status="PASS">
          <reporter-output>
          </reporter-output>
        </test-method> <!-- CreateUserTestUsingBuilderPutTest -->
      </class> <!-- com.qa.api.tests.PutUpdateTest -->
    </test> <!-- PutUpdateTest User Test -->
    <test started-at="2025-03-19T14:56:33 IST" name="Delete User Test" finished-at="2025-03-19T14:56:37 IST" duration-ms="3950">
      <class name="com.qa.api.tests.DeleteTest">
        <test-method is-config="true" signature="setUp(java.lang.String)[pri:0, instance:com.qa.api.tests.DeleteTest@4007f65e]" started-at="2025-03-19T14:56:33 IST" name="setUp" finished-at="2025-03-19T14:56:34 IST" duration-ms="1" status="PASS">
          <params>
            <param index="0">
              <value>
                <![CDATA[https://gorest.co.in]]>
              </value>
            </param>
          </params>
          <reporter-output>
          </reporter-output>
        </test-method> <!-- setUp -->
        <test-method signature="CreateUserTestUsingBuilderDeleteTest()[pri:0, instance:com.qa.api.tests.DeleteTest@4007f65e]" started-at="2025-03-19T14:56:34 IST" name="CreateUserTestUsingBuilderDeleteTest" finished-at="2025-03-19T14:56:37 IST" duration-ms="3947" status="PASS">
          <reporter-output>
          </reporter-output>
        </test-method> <!-- CreateUserTestUsingBuilderDeleteTest -->
      </class> <!-- com.qa.api.tests.DeleteTest -->
    </test> <!-- Delete User Test -->
    <test started-at="2025-03-19T14:56:37 IST" name="ReqresTest User Test" finished-at="2025-03-19T14:56:38 IST" duration-ms="50">
      <class name="com.qa.reqres.api.tests.ReqresTest">
        <test-method is-config="true" signature="setUp(java.lang.String)[pri:0, instance:com.qa.reqres.api.tests.ReqresTest@5b799640]" started-at="2025-03-19T14:56:37 IST" name="setUp" finished-at="2025-03-19T14:56:37 IST" duration-ms="1" status="PASS">
          <params>
            <param index="0">
              <value>
                <![CDATA[https://reqres.in/]]>
              </value>
            </param>
          </params>
          <reporter-output>
          </reporter-output>
        </test-method> <!-- setUp -->
        <test-method signature="getUserReqresTest()[pri:0, instance:com.qa.reqres.api.tests.ReqresTest@5b799640]" started-at="2025-03-19T14:56:37 IST" name="getUserReqresTest" finished-at="2025-03-19T14:56:38 IST" duration-ms="49" status="PASS">
          <reporter-output>
          </reporter-output>
        </test-method> <!-- getUserReqresTest -->
      </class> <!-- com.qa.reqres.api.tests.ReqresTest -->
    </test> <!-- ReqresTest User Test -->
  </suite> <!-- API Regression Suite -->
</testng-results>
