<?xml version="1.0" encoding="UTF-8"?>
<testng-results ignored="0" total="11" passed="11" failed="0" skipped="0">
  <reporter-output>
  </reporter-output>
  <suite started-at="2025-03-19T21:02:46 IST" name="API Regression Suite" finished-at="2025-03-19T21:03:07 IST" duration-ms="21260">
    <groups>
    </groups>
    <test started-at="2025-03-19T21:02:46 IST" name="get User Test" finished-at="2025-03-19T21:02:49 IST" duration-ms="3078">
      <class name="com.qa.api.tests.GetUserTest">
        <test-method is-config="true" signature="setUp(java.lang.String)[pri:0, instance:com.qa.api.tests.GetUserTest@18271936]" started-at="2025-03-19T21:02:46 IST" name="setUp" finished-at="2025-03-19T21:02:46 IST" duration-ms="406" status="PASS">
          <params>
            <param index="0">
              <value>
                <![CDATA[https://gorest.co.in]]>
              </value>
            </param>
          </params>
          <reporter-output>
          </reporter-output>
        </test-method> <!-- setUp -->
        <test-method signature="getAllUserTest()[pri:0, instance:com.qa.api.tests.GetUserTest@18271936]" started-at="2025-03-19T21:02:46 IST" name="getAllUserTest" finished-at="2025-03-19T21:02:48 IST" duration-ms="1579" status="PASS">
          <reporter-output>
          </reporter-output>
        </test-method> <!-- getAllUserTest -->
        <test-method signature="getSingleUserTest()[pri:0, instance:com.qa.api.tests.GetUserTest@18271936]" started-at="2025-03-19T21:02:48 IST" name="getSingleUserTest" finished-at="2025-03-19T21:02:49 IST" duration-ms="1058" status="PASS">
          <reporter-output>
          </reporter-output>
        </test-method> <!-- getSingleUserTest -->
      </class> <!-- com.qa.api.tests.GetUserTest -->
    </test> <!-- get User Test -->
    <test started-at="2025-03-19T21:02:49 IST" name="CreateUserTest User Test" finished-at="2025-03-19T21:02:53 IST" duration-ms="3574">
      <class name="com.qa.api.tests.CreateUserTest">
        <test-method is-config="true" signature="setUp(java.lang.String)[pri:0, instance:com.qa.api.tests.CreateUserTest@536f2a7e]" started-at="2025-03-19T21:02:49 IST" name="setUp" finished-at="2025-03-19T21:02:49 IST" duration-ms="1" status="PASS">
          <params>
            <param index="0">
              <value>
                <![CDATA[https://gorest.co.in]]>
              </value>
            </param>
          </params>
          <reporter-output>
          </reporter-output>
        </test-method> <!-- setUp -->
        <test-method signature="CreateUserTest()[pri:0, instance:com.qa.api.tests.CreateUserTest@536f2a7e]" started-at="2025-03-19T21:02:49 IST" name="CreateUserTest" finished-at="2025-03-19T21:02:51 IST" duration-ms="2111" status="PASS">
          <reporter-output>
          </reporter-output>
        </test-method> <!-- CreateUserTest -->
        <test-method signature="CreateUserTestUsingBuilderTest()[pri:0, instance:com.qa.api.tests.CreateUserTest@536f2a7e]" started-at="2025-03-19T21:02:51 IST" name="CreateUserTestUsingBuilderTest" finished-at="2025-03-19T21:02:53 IST" duration-ms="1457" status="PASS">
          <reporter-output>
          </reporter-output>
        </test-method> <!-- CreateUserTestUsingBuilderTest -->
      </class> <!-- com.qa.api.tests.CreateUserTest -->
    </test> <!-- CreateUserTest User Test -->
    <test started-at="2025-03-19T21:02:53 IST" name="PatchUpdateTest Update User Test" finished-at="2025-03-19T21:02:55 IST" duration-ms="2847">
      <class name="com.qa.api.tests.PatchUpdateTest">
        <test-method is-config="true" signature="setUp(java.lang.String)[pri:0, instance:com.qa.api.tests.PatchUpdateTest@5a59ca5e]" started-at="2025-03-19T21:02:53 IST" name="setUp" finished-at="2025-03-19T21:02:53 IST" duration-ms="2" status="PASS">
          <params>
            <param index="0">
              <value>
                <![CDATA[https://gorest.co.in]]>
              </value>
            </param>
          </params>
          <reporter-output>
          </reporter-output>
        </test-method> <!-- setUp -->
        <test-method signature="CreateUserTestUsingBuilderPatchTest()[pri:0, instance:com.qa.api.tests.PatchUpdateTest@5a59ca5e]" started-at="2025-03-19T21:02:53 IST" name="CreateUserTestUsingBuilderPatchTest" finished-at="2025-03-19T21:02:55 IST" duration-ms="2845" status="PASS">
          <reporter-output>
          </reporter-output>
        </test-method> <!-- CreateUserTestUsingBuilderPatchTest -->
      </class> <!-- com.qa.api.tests.PatchUpdateTest -->
    </test> <!-- PatchUpdateTest Update User Test -->
    <test started-at="2025-03-19T21:02:55 IST" name="PutUpdateTest User Test" finished-at="2025-03-19T21:02:59 IST" duration-ms="3966">
      <class name="com.qa.api.tests.PutUpdateTest">
        <test-method is-config="true" signature="setUp(java.lang.String)[pri:0, instance:com.qa.api.tests.PutUpdateTest@6b695b06]" started-at="2025-03-19T21:02:55 IST" name="setUp" finished-at="2025-03-19T21:02:55 IST" duration-ms="1" status="PASS">
          <params>
            <param index="0">
              <value>
                <![CDATA[https://gorest.co.in]]>
              </value>
            </param>
          </params>
          <reporter-output>
          </reporter-output>
        </test-method> <!-- setUp -->
        <test-method signature="CreateUserTestUsingBuilderPutTest()[pri:0, instance:com.qa.api.tests.PutUpdateTest@6b695b06]" started-at="2025-03-19T21:02:55 IST" name="CreateUserTestUsingBuilderPutTest" finished-at="2025-03-19T21:02:59 IST" duration-ms="3963" status="PASS">
          <reporter-output>
          </reporter-output>
        </test-method> <!-- CreateUserTestUsingBuilderPutTest -->
      </class> <!-- com.qa.api.tests.PutUpdateTest -->
    </test> <!-- PutUpdateTest User Test -->
    <test started-at="2025-03-19T21:02:59 IST" name="Delete User Test" finished-at="2025-03-19T21:03:04 IST" duration-ms="4314">
      <class name="com.qa.api.tests.DeleteTest">
        <test-method is-config="true" signature="setUp(java.lang.String)[pri:0, instance:com.qa.api.tests.DeleteTest@4007f65e]" started-at="2025-03-19T21:02:59 IST" name="setUp" finished-at="2025-03-19T21:02:59 IST" duration-ms="1" status="PASS">
          <params>
            <param index="0">
              <value>
                <![CDATA[https://gorest.co.in]]>
              </value>
            </param>
          </params>
          <reporter-output>
          </reporter-output>
        </test-method> <!-- setUp -->
        <test-method signature="CreateUserTestUsingBuilderDeleteTest()[pri:0, instance:com.qa.api.tests.DeleteTest@4007f65e]" started-at="2025-03-19T21:02:59 IST" name="CreateUserTestUsingBuilderDeleteTest" finished-at="2025-03-19T21:03:04 IST" duration-ms="4312" status="PASS">
          <reporter-output>
          </reporter-output>
        </test-method> <!-- CreateUserTestUsingBuilderDeleteTest -->
      </class> <!-- com.qa.api.tests.DeleteTest -->
    </test> <!-- Delete User Test -->
    <test started-at="2025-03-19T21:03:04 IST" name="ReqresTest User Test" finished-at="2025-03-19T21:03:04 IST" duration-ms="49">
      <class name="com.qa.reqres.api.tests.ReqresTest">
        <test-method is-config="true" signature="setUp(java.lang.String)[pri:0, instance:com.qa.reqres.api.tests.ReqresTest@5b799640]" started-at="2025-03-19T21:03:04 IST" name="setUp" finished-at="2025-03-19T21:03:04 IST" duration-ms="1" status="PASS">
          <params>
            <param index="0">
              <value>
                <![CDATA[https://reqres.in/]]>
              </value>
            </param>
          </params>
          <reporter-output>
          </reporter-output>
        </test-method> <!-- setUp -->
        <test-method signature="getUserReqresTest()[pri:0, instance:com.qa.reqres.api.tests.ReqresTest@5b799640]" started-at="2025-03-19T21:03:04 IST" name="getUserReqresTest" finished-at="2025-03-19T21:03:04 IST" duration-ms="47" status="PASS">
          <reporter-output>
          </reporter-output>
        </test-method> <!-- getUserReqresTest -->
      </class> <!-- com.qa.reqres.api.tests.ReqresTest -->
    </test> <!-- ReqresTest User Test -->
    <test started-at="2025-03-19T21:03:04 IST" name="Contact User Test" finished-at="2025-03-19T21:03:06 IST" duration-ms="2282">
      <class name="com.qa.contacts.api.tests.ContactAPITest">
        <test-method is-config="true" signature="setUp(java.lang.String)[pri:0, instance:com.qa.contacts.api.tests.ContactAPITest@239a307b]" started-at="2025-03-19T21:03:04 IST" name="setUp" finished-at="2025-03-19T21:03:04 IST" duration-ms="1" status="PASS">
          <params>
            <param index="0">
              <value>
                <![CDATA[https://thinking-tester-contact-list.herokuapp.com]]>
              </value>
            </param>
          </params>
          <reporter-output>
          </reporter-output>
        </test-method> <!-- setUp -->
        <test-method is-config="true" signature="getToken()[pri:0, instance:com.qa.contacts.api.tests.ContactAPITest@239a307b]" started-at="2025-03-19T21:03:04 IST" name="getToken" finished-at="2025-03-19T21:03:05 IST" duration-ms="1202" status="PASS">
          <reporter-output>
          </reporter-output>
        </test-method> <!-- getToken -->
        <test-method signature="getContactTest()[pri:0, instance:com.qa.contacts.api.tests.ContactAPITest@239a307b]" started-at="2025-03-19T21:03:05 IST" name="getContactTest" finished-at="2025-03-19T21:03:06 IST" duration-ms="1076" status="PASS">
          <reporter-output>
          </reporter-output>
        </test-method> <!-- getContactTest -->
      </class> <!-- com.qa.contacts.api.tests.ContactAPITest -->
    </test> <!-- Contact User Test -->
    <test started-at="2025-03-19T21:03:06 IST" name="Product User Test" finished-at="2025-03-19T21:03:07 IST" duration-ms="1076">
      <class name="com.qa.products.api.test.ProductAPITest">
        <test-method is-config="true" signature="setUp(java.lang.String)[pri:0, instance:com.qa.products.api.test.ProductAPITest@3cce5371]" started-at="2025-03-19T21:03:06 IST" name="setUp" finished-at="2025-03-19T21:03:06 IST" duration-ms="0" status="PASS">
          <params>
            <param index="0">
              <value>
                <![CDATA[https://fakestoreapi.com]]>
              </value>
            </param>
          </params>
          <reporter-output>
          </reporter-output>
        </test-method> <!-- setUp -->
        <test-method signature="getProductAPILimitTest()[pri:0, instance:com.qa.products.api.test.ProductAPITest@3cce5371]" started-at="2025-03-19T21:03:06 IST" name="getProductAPILimitTest" finished-at="2025-03-19T21:03:07 IST" duration-ms="512" status="PASS">
          <reporter-output>
          </reporter-output>
        </test-method> <!-- getProductAPILimitTest -->
        <test-method signature="getProductAPITest()[pri:0, instance:com.qa.products.api.test.ProductAPITest@3cce5371]" started-at="2025-03-19T21:03:07 IST" name="getProductAPITest" finished-at="2025-03-19T21:03:07 IST" duration-ms="560" status="PASS">
          <reporter-output>
          </reporter-output>
        </test-method> <!-- getProductAPITest -->
      </class> <!-- com.qa.products.api.test.ProductAPITest -->
    </test> <!-- Product User Test -->
  </suite> <!-- API Regression Suite -->
</testng-results>
