<?xml version="1.0" encoding="UTF-8"?>
<testng-results ignored="0" total="12" passed="12" failed="0" skipped="0">
  <reporter-output>
  </reporter-output>
  <suite started-at="2025-07-09T10:36:38 IST" name="API Regression Suite" finished-at="2025-07-09T10:37:02 IST" duration-ms="23861">
    <groups>
    </groups>
    <test started-at="2025-07-09T10:36:38 IST" name="get User Test" finished-at="2025-07-09T10:36:44 IST" duration-ms="6038">
      <class name="com.qa.api.tests.GetUserTest">
        <test-method is-config="true" signature="setUp()[pri:0, instance:com.qa.api.tests.GetUserTest@5143c662]" started-at="2025-07-09T10:36:38 IST" name="setUp" finished-at="2025-07-09T10:36:39 IST" duration-ms="1069" status="PASS">
          <reporter-output>
          </reporter-output>
        </test-method> <!-- setUp -->
        <test-method signature="getAllUserTest()[pri:0, instance:com.qa.api.tests.GetUserTest@5143c662]" started-at="2025-07-09T10:36:39 IST" name="getAllUserTest" finished-at="2025-07-09T10:36:43 IST" duration-ms="3912" status="PASS">
          <reporter-output>
          </reporter-output>
        </test-method> <!-- getAllUserTest -->
        <test-method signature="getSingleUserTest()[pri:0, instance:com.qa.api.tests.GetUserTest@5143c662]" started-at="2025-07-09T10:36:43 IST" name="getSingleUserTest" finished-at="2025-07-09T10:36:44 IST" duration-ms="930" status="PASS">
          <reporter-output>
          </reporter-output>
        </test-method> <!-- getSingleUserTest -->
      </class> <!-- com.qa.api.tests.GetUserTest -->
    </test> <!-- get User Test -->
    <test started-at="2025-07-09T10:36:44 IST" name="CreateUserTest User Test" finished-at="2025-07-09T10:36:48 IST" duration-ms="4278">
      <class name="com.qa.api.tests.CreateUserTest">
        <test-method is-config="true" signature="setUp()[pri:0, instance:com.qa.api.tests.CreateUserTest@4ff4357f]" started-at="2025-07-09T10:36:44 IST" name="setUp" finished-at="2025-07-09T10:36:44 IST" duration-ms="3" status="PASS">
          <reporter-output>
          </reporter-output>
        </test-method> <!-- setUp -->
        <test-method signature="CreateUserTest()[pri:0, instance:com.qa.api.tests.CreateUserTest@4ff4357f]" started-at="2025-07-09T10:36:44 IST" name="CreateUserTest" finished-at="2025-07-09T10:36:46 IST" duration-ms="2447" status="PASS">
          <reporter-output>
          </reporter-output>
        </test-method> <!-- CreateUserTest -->
        <test-method signature="CreateUserTestUsingBuilderTest()[pri:0, instance:com.qa.api.tests.CreateUserTest@4ff4357f]" started-at="2025-07-09T10:36:46 IST" name="CreateUserTestUsingBuilderTest" finished-at="2025-07-09T10:36:48 IST" duration-ms="1818" status="PASS">
          <reporter-output>
          </reporter-output>
        </test-method> <!-- CreateUserTestUsingBuilderTest -->
      </class> <!-- com.qa.api.tests.CreateUserTest -->
    </test> <!-- CreateUserTest User Test -->
    <test started-at="2025-07-09T10:36:48 IST" name="PatchUpdateTest Update User Test" finished-at="2025-07-09T10:36:50 IST" duration-ms="2115">
      <class name="com.qa.api.tests.PatchUpdateTest">
        <test-method is-config="true" signature="setUp()[pri:0, instance:com.qa.api.tests.PatchUpdateTest@45fd9a4d]" started-at="2025-07-09T10:36:48 IST" name="setUp" finished-at="2025-07-09T10:36:48 IST" duration-ms="1" status="PASS">
          <reporter-output>
          </reporter-output>
        </test-method> <!-- setUp -->
        <test-method signature="CreateUserTestUsingBuilderPatchTest()[pri:0, instance:com.qa.api.tests.PatchUpdateTest@45fd9a4d]" started-at="2025-07-09T10:36:48 IST" name="CreateUserTestUsingBuilderPatchTest" finished-at="2025-07-09T10:36:50 IST" duration-ms="2113" status="PASS">
          <reporter-output>
          </reporter-output>
        </test-method> <!-- CreateUserTestUsingBuilderPatchTest -->
      </class> <!-- com.qa.api.tests.PatchUpdateTest -->
    </test> <!-- PatchUpdateTest Update User Test -->
    <test started-at="2025-07-09T10:36:50 IST" name="PutUpdateTest User Test" finished-at="2025-07-09T10:36:54 IST" duration-ms="3139">
      <class name="com.qa.api.tests.PutUpdateTest">
        <test-method is-config="true" signature="setUp()[pri:0, instance:com.qa.api.tests.PutUpdateTest@2a898881]" started-at="2025-07-09T10:36:50 IST" name="setUp" finished-at="2025-07-09T10:36:50 IST" duration-ms="1" status="PASS">
          <reporter-output>
          </reporter-output>
        </test-method> <!-- setUp -->
        <test-method signature="CreateUserTestUsingBuilderPutTest()[pri:0, instance:com.qa.api.tests.PutUpdateTest@2a898881]" started-at="2025-07-09T10:36:50 IST" name="CreateUserTestUsingBuilderPutTest" finished-at="2025-07-09T10:36:54 IST" duration-ms="3136" status="PASS">
          <reporter-output>
          </reporter-output>
        </test-method> <!-- CreateUserTestUsingBuilderPutTest -->
      </class> <!-- com.qa.api.tests.PutUpdateTest -->
    </test> <!-- PutUpdateTest User Test -->
    <test started-at="2025-07-09T10:36:54 IST" name="Delete User Test" finished-at="2025-07-09T10:36:57 IST" duration-ms="3552">
      <class name="com.qa.api.tests.DeleteTest">
        <test-method is-config="true" signature="setUp()[pri:0, instance:com.qa.api.tests.DeleteTest@74eb909f]" started-at="2025-07-09T10:36:54 IST" name="setUp" finished-at="2025-07-09T10:36:54 IST" duration-ms="1" status="PASS">
          <reporter-output>
          </reporter-output>
        </test-method> <!-- setUp -->
        <test-method signature="CreateUserTestUsingBuilderDeleteTest()[pri:0, instance:com.qa.api.tests.DeleteTest@74eb909f]" started-at="2025-07-09T10:36:54 IST" name="CreateUserTestUsingBuilderDeleteTest" finished-at="2025-07-09T10:36:57 IST" duration-ms="3550" status="PASS">
          <reporter-output>
          </reporter-output>
        </test-method> <!-- CreateUserTestUsingBuilderDeleteTest -->
      </class> <!-- com.qa.api.tests.DeleteTest -->
    </test> <!-- Delete User Test -->
    <test started-at="2025-07-09T10:36:57 IST" name="ReqresTest User Test" finished-at="2025-07-09T10:36:57 IST" duration-ms="91">
      <class name="com.qa.reqres.api.tests.ReqresTest">
        <test-method is-config="true" signature="setUp()[pri:0, instance:com.qa.reqres.api.tests.ReqresTest@12c7a01b]" started-at="2025-07-09T10:36:57 IST" name="setUp" finished-at="2025-07-09T10:36:57 IST" duration-ms="0" status="PASS">
          <reporter-output>
          </reporter-output>
        </test-method> <!-- setUp -->
        <test-method signature="getUserReqresTest()[pri:0, instance:com.qa.reqres.api.tests.ReqresTest@12c7a01b]" started-at="2025-07-09T10:36:57 IST" name="getUserReqresTest" finished-at="2025-07-09T10:36:57 IST" duration-ms="89" status="PASS">
          <reporter-output>
          </reporter-output>
        </test-method> <!-- getUserReqresTest -->
      </class> <!-- com.qa.reqres.api.tests.ReqresTest -->
    </test> <!-- ReqresTest User Test -->
    <test started-at="2025-07-09T10:36:57 IST" name="Contact User Test" finished-at="2025-07-09T10:37:00 IST" duration-ms="2643">
      <class name="com.qa.contacts.api.tests.ContactAPITest">
        <test-method is-config="true" signature="setUp()[pri:0, instance:com.qa.contacts.api.tests.ContactAPITest@3da05287]" started-at="2025-07-09T10:36:57 IST" name="setUp" finished-at="2025-07-09T10:36:57 IST" duration-ms="1" status="PASS">
          <reporter-output>
          </reporter-output>
        </test-method> <!-- setUp -->
        <test-method is-config="true" signature="getToken()[pri:0, instance:com.qa.contacts.api.tests.ContactAPITest@3da05287]" started-at="2025-07-09T10:36:57 IST" name="getToken" finished-at="2025-07-09T10:36:59 IST" duration-ms="1379" status="PASS">
          <reporter-output>
          </reporter-output>
        </test-method> <!-- getToken -->
        <test-method signature="getContactTest()[pri:0, instance:com.qa.contacts.api.tests.ContactAPITest@3da05287]" started-at="2025-07-09T10:36:59 IST" name="getContactTest" finished-at="2025-07-09T10:37:00 IST" duration-ms="1256" status="PASS">
          <reporter-output>
          </reporter-output>
        </test-method> <!-- getContactTest -->
      </class> <!-- com.qa.contacts.api.tests.ContactAPITest -->
    </test> <!-- Contact User Test -->
    <test started-at="2025-07-09T10:37:00 IST" name="Product User Test" finished-at="2025-07-09T10:37:01 IST" duration-ms="957">
      <class name="com.qa.products.api.test.ProductAPITest">
        <test-method is-config="true" signature="setUp()[pri:0, instance:com.qa.products.api.test.ProductAPITest@75f95314]" started-at="2025-07-09T10:37:00 IST" name="setUp" finished-at="2025-07-09T10:37:00 IST" duration-ms="1" status="PASS">
          <reporter-output>
          </reporter-output>
        </test-method> <!-- setUp -->
        <test-method signature="getProductAPILimitTest()[pri:0, instance:com.qa.products.api.test.ProductAPITest@75f95314]" started-at="2025-07-09T10:37:00 IST" name="getProductAPILimitTest" finished-at="2025-07-09T10:37:00 IST" duration-ms="506" status="PASS">
          <reporter-output>
          </reporter-output>
        </test-method> <!-- getProductAPILimitTest -->
        <test-method signature="getProductAPITest()[pri:0, instance:com.qa.products.api.test.ProductAPITest@75f95314]" started-at="2025-07-09T10:37:00 IST" name="getProductAPITest" finished-at="2025-07-09T10:37:01 IST" duration-ms="442" status="PASS">
          <reporter-output>
          </reporter-output>
        </test-method> <!-- getProductAPITest -->
      </class> <!-- com.qa.products.api.test.ProductAPITest -->
    </test> <!-- Product User Test -->
    <test started-at="2025-07-09T10:37:01 IST" name="ProductAPITestWithJsonPathValidator User Test" finished-at="2025-07-09T10:37:01 IST" duration-ms="6">
      <class name="com.qa.products.api.test.ProductAPITestWithJsonPathValidator">
        <test-method is-config="true" signature="setUp()[pri:0, instance:com.qa.products.api.test.ProductAPITestWithJsonPathValidator@79d94571]" started-at="2025-07-09T10:37:01 IST" name="setUp" finished-at="2025-07-09T10:37:01 IST" duration-ms="2" status="PASS">
          <reporter-output>
          </reporter-output>
        </test-method> <!-- setUp -->
      </class> <!-- com.qa.products.api.test.ProductAPITestWithJsonPathValidator -->
    </test> <!-- ProductAPITestWithJsonPathValidator User Test -->
    <test started-at="2025-07-09T10:37:01 IST" name="GetUserWithDeserilization User Test" finished-at="2025-07-09T10:37:02 IST" duration-ms="952">
      <class name="com.qa.api.tests.GetUserWithDeserilization">
        <test-method is-config="true" signature="setUp()[pri:0, instance:com.qa.api.tests.GetUserWithDeserilization@222eb8aa]" started-at="2025-07-09T10:37:01 IST" name="setUp" finished-at="2025-07-09T10:37:01 IST" duration-ms="1" status="PASS">
          <reporter-output>
          </reporter-output>
        </test-method> <!-- setUp -->
        <test-method signature="getDeserilizeAllUserTest()[pri:0, instance:com.qa.api.tests.GetUserWithDeserilization@222eb8aa]" started-at="2025-07-09T10:37:01 IST" name="getDeserilizeAllUserTest" finished-at="2025-07-09T10:37:02 IST" duration-ms="945" status="PASS">
          <reporter-output>
          </reporter-output>
        </test-method> <!-- getDeserilizeAllUserTest -->
      </class> <!-- com.qa.api.tests.GetUserWithDeserilization -->
    </test> <!-- GetUserWithDeserilization User Test -->
    <test started-at="2025-07-09T10:37:02 IST" name="AmadeusAPITest User Test" finished-at="2025-07-09T10:37:02 IST" duration-ms="5">
      <class name="com.qa.Oauth2.Amadeus.api.tests.AmadeusAPITest">
        <test-method is-config="true" signature="setUp()[pri:0, instance:com.qa.Oauth2.Amadeus.api.tests.AmadeusAPITest@46268f08]" started-at="2025-07-09T10:37:02 IST" name="setUp" finished-at="2025-07-09T10:37:02 IST" duration-ms="1" status="PASS">
          <reporter-output>
          </reporter-output>
        </test-method> <!-- setUp -->
      </class> <!-- com.qa.Oauth2.Amadeus.api.tests.AmadeusAPITest -->
    </test> <!-- AmadeusAPITest User Test -->
  </suite> <!-- API Regression Suite -->
</testng-results>
