<?xml version="1.0" encoding="UTF-8"?>
<testng-results ignored="0" total="12" passed="12" failed="0" skipped="0">
  <reporter-output>
  </reporter-output>
  <suite started-at="2025-03-31T09:44:49 IST" name="API Regression Suite" finished-at="2025-03-31T09:45:10 IST" duration-ms="21547">
    <groups>
    </groups>
    <test started-at="2025-03-31T09:44:49 IST" name="get User Test" finished-at="2025-03-31T09:44:52 IST" duration-ms="3314">
      <class name="com.qa.api.tests.GetUserTest">
        <test-method is-config="true" signature="setUp()[pri:0, instance:com.qa.api.tests.GetUserTest@3a5ecce3]" started-at="2025-03-31T09:44:49 IST" name="setUp" finished-at="2025-03-31T09:44:49 IST" duration-ms="397" status="PASS">
          <reporter-output>
          </reporter-output>
        </test-method> <!-- setUp -->
        <test-method signature="getAllUserTest()[pri:0, instance:com.qa.api.tests.GetUserTest@3a5ecce3]" started-at="2025-03-31T09:44:49 IST" name="getAllUserTest" finished-at="2025-03-31T09:44:51 IST" duration-ms="1872" status="PASS">
          <reporter-output>
          </reporter-output>
        </test-method> <!-- getAllUserTest -->
        <test-method signature="getSingleUserTest()[pri:0, instance:com.qa.api.tests.GetUserTest@3a5ecce3]" started-at="2025-03-31T09:44:51 IST" name="getSingleUserTest" finished-at="2025-03-31T09:44:52 IST" duration-ms="969" status="PASS">
          <reporter-output>
          </reporter-output>
        </test-method> <!-- getSingleUserTest -->
      </class> <!-- com.qa.api.tests.GetUserTest -->
    </test> <!-- get User Test -->
    <test started-at="2025-03-31T09:44:52 IST" name="CreateUserTest User Test" finished-at="2025-03-31T09:44:56 IST" duration-ms="4017">
      <class name="com.qa.api.tests.CreateUserTest">
        <test-method is-config="true" signature="setUp()[pri:0, instance:com.qa.api.tests.CreateUserTest@253d9f73]" started-at="2025-03-31T09:44:52 IST" name="setUp" finished-at="2025-03-31T09:44:52 IST" duration-ms="4" status="PASS">
          <reporter-output>
          </reporter-output>
        </test-method> <!-- setUp -->
        <test-method signature="CreateUserTest()[pri:0, instance:com.qa.api.tests.CreateUserTest@253d9f73]" started-at="2025-03-31T09:44:52 IST" name="CreateUserTest" finished-at="2025-03-31T09:44:54 IST" duration-ms="2161" status="PASS">
          <reporter-output>
          </reporter-output>
        </test-method> <!-- CreateUserTest -->
        <test-method signature="CreateUserTestUsingBuilderTest()[pri:0, instance:com.qa.api.tests.CreateUserTest@253d9f73]" started-at="2025-03-31T09:44:54 IST" name="CreateUserTestUsingBuilderTest" finished-at="2025-03-31T09:44:56 IST" duration-ms="1845" status="PASS">
          <reporter-output>
          </reporter-output>
        </test-method> <!-- CreateUserTestUsingBuilderTest -->
      </class> <!-- com.qa.api.tests.CreateUserTest -->
    </test> <!-- CreateUserTest User Test -->
    <test started-at="2025-03-31T09:44:56 IST" name="PatchUpdateTest Update User Test" finished-at="2025-03-31T09:44:59 IST" duration-ms="3168">
      <class name="com.qa.api.tests.PatchUpdateTest">
        <test-method is-config="true" signature="setUp()[pri:0, instance:com.qa.api.tests.PatchUpdateTest@8dbfffb]" started-at="2025-03-31T09:44:56 IST" name="setUp" finished-at="2025-03-31T09:44:56 IST" duration-ms="1" status="PASS">
          <reporter-output>
          </reporter-output>
        </test-method> <!-- setUp -->
        <test-method signature="CreateUserTestUsingBuilderPatchTest()[pri:0, instance:com.qa.api.tests.PatchUpdateTest@8dbfffb]" started-at="2025-03-31T09:44:56 IST" name="CreateUserTestUsingBuilderPatchTest" finished-at="2025-03-31T09:44:59 IST" duration-ms="3165" status="PASS">
          <reporter-output>
          </reporter-output>
        </test-method> <!-- CreateUserTestUsingBuilderPatchTest -->
      </class> <!-- com.qa.api.tests.PatchUpdateTest -->
    </test> <!-- PatchUpdateTest Update User Test -->
    <test started-at="2025-03-31T09:44:59 IST" name="PutUpdateTest User Test" finished-at="2025-03-31T09:45:02 IST" duration-ms="2695">
      <class name="com.qa.api.tests.PutUpdateTest">
        <test-method is-config="true" signature="setUp()[pri:0, instance:com.qa.api.tests.PutUpdateTest@2e2ff723]" started-at="2025-03-31T09:44:59 IST" name="setUp" finished-at="2025-03-31T09:44:59 IST" duration-ms="0" status="PASS">
          <reporter-output>
          </reporter-output>
        </test-method> <!-- setUp -->
        <test-method signature="CreateUserTestUsingBuilderPutTest()[pri:0, instance:com.qa.api.tests.PutUpdateTest@2e2ff723]" started-at="2025-03-31T09:44:59 IST" name="CreateUserTestUsingBuilderPutTest" finished-at="2025-03-31T09:45:02 IST" duration-ms="2692" status="PASS">
          <reporter-output>
          </reporter-output>
        </test-method> <!-- CreateUserTestUsingBuilderPutTest -->
      </class> <!-- com.qa.api.tests.PutUpdateTest -->
    </test> <!-- PutUpdateTest User Test -->
    <test started-at="2025-03-31T09:45:02 IST" name="Delete User Test" finished-at="2025-03-31T09:45:06 IST" duration-ms="4392">
      <class name="com.qa.api.tests.DeleteTest">
        <test-method is-config="true" signature="setUp()[pri:0, instance:com.qa.api.tests.DeleteTest@22bac7bc]" started-at="2025-03-31T09:45:02 IST" name="setUp" finished-at="2025-03-31T09:45:02 IST" duration-ms="1" status="PASS">
          <reporter-output>
          </reporter-output>
        </test-method> <!-- setUp -->
        <test-method signature="CreateUserTestUsingBuilderDeleteTest()[pri:0, instance:com.qa.api.tests.DeleteTest@22bac7bc]" started-at="2025-03-31T09:45:02 IST" name="CreateUserTestUsingBuilderDeleteTest" finished-at="2025-03-31T09:45:06 IST" duration-ms="4390" status="PASS">
          <reporter-output>
          </reporter-output>
        </test-method> <!-- CreateUserTestUsingBuilderDeleteTest -->
      </class> <!-- com.qa.api.tests.DeleteTest -->
    </test> <!-- Delete User Test -->
    <test started-at="2025-03-31T09:45:06 IST" name="ReqresTest User Test" finished-at="2025-03-31T09:45:06 IST" duration-ms="80">
      <class name="com.qa.reqres.api.tests.ReqresTest">
        <test-method is-config="true" signature="setUp()[pri:0, instance:com.qa.reqres.api.tests.ReqresTest@2a448449]" started-at="2025-03-31T09:45:06 IST" name="setUp" finished-at="2025-03-31T09:45:06 IST" duration-ms="1" status="PASS">
          <reporter-output>
          </reporter-output>
        </test-method> <!-- setUp -->
        <test-method signature="getUserReqresTest()[pri:0, instance:com.qa.reqres.api.tests.ReqresTest@2a448449]" started-at="2025-03-31T09:45:06 IST" name="getUserReqresTest" finished-at="2025-03-31T09:45:06 IST" duration-ms="78" status="PASS">
          <reporter-output>
          </reporter-output>
        </test-method> <!-- getUserReqresTest -->
      </class> <!-- com.qa.reqres.api.tests.ReqresTest -->
    </test> <!-- ReqresTest User Test -->
    <test started-at="2025-03-31T09:45:06 IST" name="Contact User Test" finished-at="2025-03-31T09:45:09 IST" duration-ms="2321">
      <class name="com.qa.contacts.api.tests.ContactAPITest">
        <test-method is-config="true" signature="setUp()[pri:0, instance:com.qa.contacts.api.tests.ContactAPITest@2df6226d]" started-at="2025-03-31T09:45:06 IST" name="setUp" finished-at="2025-03-31T09:45:06 IST" duration-ms="1" status="PASS">
          <reporter-output>
          </reporter-output>
        </test-method> <!-- setUp -->
        <test-method is-config="true" signature="getToken()[pri:0, instance:com.qa.contacts.api.tests.ContactAPITest@2df6226d]" started-at="2025-03-31T09:45:06 IST" name="getToken" finished-at="2025-03-31T09:45:08 IST" duration-ms="1243" status="PASS">
          <reporter-output>
          </reporter-output>
        </test-method> <!-- getToken -->
        <test-method signature="getContactTest()[pri:0, instance:com.qa.contacts.api.tests.ContactAPITest@2df6226d]" started-at="2025-03-31T09:45:08 IST" name="getContactTest" finished-at="2025-03-31T09:45:09 IST" duration-ms="1072" status="PASS">
          <reporter-output>
          </reporter-output>
        </test-method> <!-- getContactTest -->
      </class> <!-- com.qa.contacts.api.tests.ContactAPITest -->
    </test> <!-- Contact User Test -->
    <test started-at="2025-03-31T09:45:09 IST" name="Product User Test" finished-at="2025-03-31T09:45:10 IST" duration-ms="838">
      <class name="com.qa.products.api.test.ProductAPITest">
        <test-method is-config="true" signature="setUp()[pri:0, instance:com.qa.products.api.test.ProductAPITest@50468873]" started-at="2025-03-31T09:45:09 IST" name="setUp" finished-at="2025-03-31T09:45:09 IST" duration-ms="1" status="PASS">
          <reporter-output>
          </reporter-output>
        </test-method> <!-- setUp -->
        <test-method signature="getProductAPILimitTest()[pri:0, instance:com.qa.products.api.test.ProductAPITest@50468873]" started-at="2025-03-31T09:45:09 IST" name="getProductAPILimitTest" finished-at="2025-03-31T09:45:09 IST" duration-ms="399" status="PASS">
          <reporter-output>
          </reporter-output>
        </test-method> <!-- getProductAPILimitTest -->
        <test-method signature="getProductAPITest()[pri:0, instance:com.qa.products.api.test.ProductAPITest@50468873]" started-at="2025-03-31T09:45:09 IST" name="getProductAPITest" finished-at="2025-03-31T09:45:10 IST" duration-ms="432" status="PASS">
          <reporter-output>
          </reporter-output>
        </test-method> <!-- getProductAPITest -->
      </class> <!-- com.qa.products.api.test.ProductAPITest -->
    </test> <!-- Product User Test -->
    <test started-at="2025-03-31T09:45:10 IST" name="ProductAPITestWithJsonPathValidator User Test" finished-at="2025-03-31T09:45:10 IST" duration-ms="3">
      <class name="com.qa.products.api.test.ProductAPITestWithJsonPathValidator">
        <test-method is-config="true" signature="setUp()[pri:0, instance:com.qa.products.api.test.ProductAPITestWithJsonPathValidator@16c63f5]" started-at="2025-03-31T09:45:10 IST" name="setUp" finished-at="2025-03-31T09:45:10 IST" duration-ms="1" status="PASS">
          <reporter-output>
          </reporter-output>
        </test-method> <!-- setUp -->
      </class> <!-- com.qa.products.api.test.ProductAPITestWithJsonPathValidator -->
    </test> <!-- ProductAPITestWithJsonPathValidator User Test -->
    <test started-at="2025-03-31T09:45:10 IST" name="GetUserWithDeserilization User Test" finished-at="2025-03-31T09:45:10 IST" duration-ms="643">
      <class name="com.qa.api.tests.GetUserWithDeserilization">
        <test-method is-config="true" signature="setUp()[pri:0, instance:com.qa.api.tests.GetUserWithDeserilization@4758820d]" started-at="2025-03-31T09:45:10 IST" name="setUp" finished-at="2025-03-31T09:45:10 IST" duration-ms="1" status="PASS">
          <reporter-output>
          </reporter-output>
        </test-method> <!-- setUp -->
        <test-method signature="getDeserilizeAllUserTest()[pri:0, instance:com.qa.api.tests.GetUserWithDeserilization@4758820d]" started-at="2025-03-31T09:45:10 IST" name="getDeserilizeAllUserTest" finished-at="2025-03-31T09:45:10 IST" duration-ms="640" status="PASS">
          <reporter-output>
          </reporter-output>
        </test-method> <!-- getDeserilizeAllUserTest -->
      </class> <!-- com.qa.api.tests.GetUserWithDeserilization -->
    </test> <!-- GetUserWithDeserilization User Test -->
    <test started-at="2025-03-31T09:45:10 IST" name="AmadeusAPITest User Test" finished-at="2025-03-31T09:45:10 IST" duration-ms="6">
      <class name="com.qa.Oauth2.Amadeus.api.tests.AmadeusAPITest">
        <test-method is-config="true" signature="setUp()[pri:0, instance:com.qa.Oauth2.Amadeus.api.tests.AmadeusAPITest@4df5bcb4]" started-at="2025-03-31T09:45:10 IST" name="setUp" finished-at="2025-03-31T09:45:10 IST" duration-ms="1" status="PASS">
          <reporter-output>
          </reporter-output>
        </test-method> <!-- setUp -->
      </class> <!-- com.qa.Oauth2.Amadeus.api.tests.AmadeusAPITest -->
    </test> <!-- AmadeusAPITest User Test -->
  </suite> <!-- API Regression Suite -->
</testng-results>
