<?xml version="1.0" encoding="UTF-8"?>
<testng-results ignored="0" total="1" passed="1" failed="0" skipped="0">
  <reporter-output>
  </reporter-output>
  <suite started-at="2025-03-20T12:55:51 IST" name="Default suite" finished-at="2025-03-20T12:55:53 IST" duration-ms="2272">
    <groups>
    </groups>
    <test started-at="2025-03-20T12:55:51 IST" name="Default test" finished-at="2025-03-20T12:55:53 IST" duration-ms="2272">
      <class name="com.qa.basicAuth.api.tests.BasicAuthTest">
        <test-method is-config="true" signature="setUp()[pri:0, instance:com.qa.basicAuth.api.tests.BasicAuthTest@3ba987b8]" started-at="2025-03-20T12:55:51 IST" name="setUp" finished-at="2025-03-20T12:55:52 IST" duration-ms="387" status="PASS">
          <reporter-output>
          </reporter-output>
        </test-method> <!-- setUp -->
        <test-method signature="BasicAuthTest()[pri:0, instance:com.qa.basicAuth.api.tests.BasicAuthTest@3ba987b8]" started-at="2025-03-20T12:55:52 IST" name="BasicAuthTest" finished-at="2025-03-20T12:55:53 IST" duration-ms="1861" status="PASS">
          <reporter-output>
          </reporter-output>
        </test-method> <!-- BasicAuthTest -->
      </class> <!-- com.qa.basicAuth.api.tests.BasicAuthTest -->
    </test> <!-- Default test -->
  </suite> <!-- Default suite -->
</testng-results>
