<?xml version="1.0" encoding="UTF-8"?>
<!-- Generated by org.testng.reporters.JUnitXMLReporter -->
<testsuite ignored="0" hostname="DEEPIKAPATIL" failures="0" tests="2" name="Product User Test" time="0.957" errors="0" timestamp="2025-07-09T10:37:01 IST">
  <testcase classname="com.qa.products.api.test.ProductAPITest" name="getProductAPILimitTest" time="0.506"/>
  <testcase classname="com.qa.products.api.test.ProductAPITest" name="getProductAPITest" time="0.442"/>
</testsuite> <!-- Product User Test -->
