<?xml version="1.0" encoding="UTF-8"?>
<!-- Generated by org.testng.reporters.JUnitXMLReporter -->
<testsuite ignored="0" hostname="DEEPIKAPATIL" failures="0" tests="2" name="Product User Test" time="1.172" errors="0" timestamp="2025-03-20T15:38:55 IST">
  <testcase classname="com.qa.products.api.test.ProductAPITest" name="getProductAPILimitTest" time="0.605"/>
  <testcase classname="com.qa.products.api.test.ProductAPITest" name="getProductAPITest" time="0.56"/>
</testsuite> <!-- Product User Test -->
